TestQianMing/proguard-project.txt
# To enable ProGuard in your project, edit project.properties
# to define the proguard.config property as described in that file.
#
# Add project specific ProGuard rules here.
# By default, the flags in this file are appended to flags specified
# in ${sdk.dir}/tools/proguard/proguard-android.txt
# You can edit the include path and order by changing the ProGuard
# include property in project.properties.
#
# For more details, see
#   http://developer.android.com/guide/developing/tools/proguard.html

# Add any project specific keep options here:

# If your project uses WebView with JS, uncomment the following
# and specify the fully qualified class name to the JavaScript interface
# class:
#-keepclassmembers class fqcn.of.javascript.interface.for.webview {
#   public *;
#}
-ignorewarnings                     # 忽略警告，避免打包时某些警告出现  
-optimizationpasses 5               # 指定代码的压缩级别  
-dontusemixedcaseclassnames         # 是否使用大小写混合
-dontpreverify                      # 混淆时是否做预校验   
-keepclasseswithmembernames class * {       # 保持 native 方法不被混淆  
    native <methods>;  
}  
-verbose
-obfuscationdictionary key.txt