TestQianMing/proguard/seeds.txt
com.umeng.socialize.bean.RequestType: com.umeng.socialize.bean.RequestType[] values()
com.umeng.socialize.bean.RequestType: com.umeng.socialize.bean.RequestType valueOf(java.lang.String)
com.umeng.socialize.bean.SHARE_MEDIA: com.umeng.socialize.bean.SHARE_MEDIA[] values()
com.umeng.socialize.bean.SHARE_MEDIA: com.umeng.socialize.bean.SHARE_MEDIA valueOf(java.lang.String)
com.umeng.socialize.bean.UmengErrorCode: com.umeng.socialize.bean.UmengErrorCode[] values()
com.umeng.socialize.bean.UmengErrorCode: com.umeng.socialize.bean.UmengErrorCode valueOf(java.lang.String)
com.umeng.socialize.editorpage.ShareActivity: void onCancel(android.view.View)
com.umeng.socialize.editorpage.ShareActivity: void onClick(android.view.View)
com.umeng.socialize.media.UMImage$CompressStyle: com.umeng.socialize.media.UMImage$CompressStyle[] values()
com.umeng.socialize.media.UMImage$CompressStyle: com.umeng.socialize.media.UMImage$CompressStyle valueOf(java.lang.String)
com.umeng.socialize.media.UMediaObject$MediaType: com.umeng.socialize.media.UMediaObject$MediaType[] values()
com.umeng.socialize.media.UMediaObject$MediaType: com.umeng.socialize.media.UMediaObject$MediaType valueOf(java.lang.String)
com.umeng.socialize.net.base.SocializeRequest$FILE_TYPE: com.umeng.socialize.net.base.SocializeRequest$FILE_TYPE[] values()
com.umeng.socialize.net.base.SocializeRequest$FILE_TYPE: com.umeng.socialize.net.base.SocializeRequest$FILE_TYPE valueOf(java.lang.String)
com.umeng.socialize.net.utils.URequest$MIME: com.umeng.socialize.net.utils.URequest$MIME[] values()
com.umeng.socialize.net.utils.URequest$MIME: com.umeng.socialize.net.utils.URequest$MIME valueOf(java.lang.String)
com.umeng.socialize.net.utils.URequest$PostStyle: com.umeng.socialize.net.utils.URequest$PostStyle[] values()
com.umeng.socialize.net.utils.URequest$PostStyle: com.umeng.socialize.net.utils.URequest$PostStyle valueOf(java.lang.String)
com.umeng.socialize.net.utils.URequest$RequestMethod: com.umeng.socialize.net.utils.URequest$RequestMethod[] values()
com.umeng.socialize.net.utils.URequest$RequestMethod: com.umeng.socialize.net.utils.URequest$RequestMethod valueOf(java.lang.String)
com.umeng.socialize.shareboard.IndicatorView: void setSelectedPosition(int)
com.umeng.socialize.shareboard.IndicatorView: void setPageCount(int)
com.umeng.socialize.shareboard.SocializeImageView: void setBackgroundShape(int)
com.umeng.socialize.shareboard.SocializeImageView: void setBackgroundColor(int)
com.umeng.socialize.shareboard.SocializeImageView: void setPressedColor(int)
com.umeng.socialize.shareboard.SocializeImageView: void setPressEffectEnable(boolean)
com.umeng.soexample.JNITest
com.umeng.soexample.JNITest: void getSuccessKey()
com.umeng.soexample.MainActivity
com.umeng.soexample.MainActivity: MainActivity()
com.umeng.soexample.MainActivity: void getSuccessKey()
com.umeng.soexample.MainActivity: void shareFacebook(android.view.View)
com.umeng.soexample.R$dimen: int activity_horizontal_margin
com.umeng.soexample.R$dimen: int activity_vertical_margin
com.umeng.soexample.R$drawable: int com_facebook_close
com.umeng.soexample.R$drawable: int ic_launcher
com.umeng.soexample.R$drawable: int logo
com.umeng.soexample.R$drawable: int thumb
com.umeng.soexample.R$drawable: int umeng_socialize_facebook
com.umeng.soexample.R$drawable: int umeng_socialize_fbmessage
com.umeng.soexample.R$id: int button1
com.umeng.soexample.R$id: int com_facebook_fragment_container
com.umeng.soexample.R$id: int com_facebook_login_activity_progress_bar
com.umeng.soexample.R$id: int textView2
com.umeng.soexample.R$layout: int activity_main
com.umeng.soexample.R$layout: int com_facebook_activity_layout
com.umeng.soexample.R$layout: int com_facebook_login_fragment