TestQianMing/proguard/mapping.txt
com.umeng.commonsdk.statistics.proto.a$c -> com.umeng.a.f.d.e:
    void a(com.umeng.commonsdk.proguard.ai,com.umeng.commonsdk.statistics.proto.a) -> 你又在看我的代码
    void b(com.umeng.commonsdk.proguard.ai,com.umeng.commonsdk.statistics.proto.a) -> a
    void a(com.umeng.commonsdk.proguard.ai,com.umeng.commonsdk.proguard.j) -> a
    void b(com.umeng.commonsdk.proguard.ai,com.umeng.commonsdk.proguard.j) -> 你又在看我的代码
com.umeng.commonsdk.statistics.proto.a$d -> com.umeng.a.f.d.f:
    com.umeng.commonsdk.statistics.proto.a$c a() -> a
    com.umeng.commonsdk.proguard.aq b() -> 你又在看我的代码
com.umeng.commonsdk.statistics.proto.a$e -> com.umeng.a.f.d.g:
    com.umeng.commonsdk.statistics.proto.a$e a -> 你又在看我的代码
    com.umeng.commonsdk.statistics.proto.a$e b -> a
    com.umeng.commonsdk.statistics.proto.a$e c -> b
    com.umeng.commonsdk.statistics.proto.a$e d -> c
    java.util.Map e -> d
    short f -> e
    java.lang.String g -> f
    com.umeng.commonsdk.statistics.proto.a$e[] h -> g
    com.umeng.commonsdk.statistics.proto.a$e[] values() -> values
    com.umeng.commonsdk.statistics.proto.a$e valueOf(java.lang.String) -> valueOf
    java.lang.String b() -> 你又在看我的代码
com.umeng.commonsdk.statistics.proto.b -> com.umeng.a.f.d.h:
    com.umeng.commonsdk.proguard.an f -> d
    com.umeng.commonsdk.proguard.ad g -> e
    com.umeng.commonsdk.proguard.ad h -> f
    com.umeng.commonsdk.proguard.ad i -> g
    java.util.Map j -> h
    java.lang.String a -> 你又在看我的代码
    long b -> a
    int c -> b
    byte m -> i
    java.util.Map d -> c
    java.lang.String b() -> 你又在看我的代码
    com.umeng.commonsdk.statistics.proto.b a(java.lang.String) -> 你又在看我的代码
    void a(boolean) -> 你又在看我的代码
    long e() -> a
    com.umeng.commonsdk.statistics.proto.b a(long) -> 你又在看我的代码
    boolean g() -> b
    void b(boolean) -> a
    int h() -> c
    com.umeng.commonsdk.statistics.proto.b a(int) -> 你又在看我的代码
    boolean j() -> d
    void c(boolean) -> b
    void read(com.umeng.commonsdk.proguard.ai) -> 你又在看我的代码
    void write(com.umeng.commonsdk.proguard.ai) -> a
    java.lang.String toString() -> toString
    void k() -> e
    com.umeng.commonsdk.proguard.an l() -> f
    com.umeng.commonsdk.proguard.ad m() -> g
    com.umeng.commonsdk.proguard.ad n() -> h
    com.umeng.commonsdk.proguard.ad o() -> i
com.umeng.commonsdk.statistics.proto.b$1 -> com.umeng.a.f.d.i:
com.umeng.commonsdk.statistics.proto.b$a -> com.umeng.a.f.d.j:
    void a(com.umeng.commonsdk.proguard.ai,com.umeng.commonsdk.statistics.proto.b) -> 你又在看我的代码
    void b(com.umeng.commonsdk.proguard.ai,com.umeng.commonsdk.statistics.proto.b) -> a
    void a(com.umeng.commonsdk.proguard.ai,com.umeng.commonsdk.proguard.j) -> a
    void b(com.umeng.commonsdk.proguard.ai,com.umeng.commonsdk.proguard.j) -> 你又在看我的代码
com.umeng.commonsdk.statistics.proto.b$b -> com.umeng.a.f.d.k:
    com.umeng.commonsdk.statistics.proto.b$a a() -> a
    com.umeng.commonsdk.proguard.aq b() -> 你又在看我的代码
com.umeng.commonsdk.statistics.proto.b$c -> com.umeng.a.f.d.l:
    void a(com.umeng.commonsdk.proguard.ai,com.umeng.commonsdk.statistics.proto.b) -> 你又在看我的代码
    void b(com.umeng.commonsdk.proguard.ai,com.umeng.commonsdk.statistics.proto.b) -> a
    void a(com.umeng.commonsdk.proguard.ai,com.umeng.commonsdk.proguard.j) -> a
    void b(com.umeng.commonsdk.proguard.ai,com.umeng.commonsdk.proguard.j) -> 你又在看我的代码
com.umeng.commonsdk.statistics.proto.b$d -> com.umeng.a.f.d.m:
    com.umeng.commonsdk.statistics.proto.b$c a() -> a
    com.umeng.commonsdk.proguard.aq b() -> 你又在看我的代码